l_00_all_name_fn2e
l_00_color2e
l_00_color_self
l_00_date
l_00_echo_code
l_00_echo_err
l_00_echo_exec
l_00_echo_fail
l_00_echo_fls
l_00_echo_info
l_00_echo_no
l_00_echo_ques
l_00_echo_ret1
l_00_echo_succ
l_00_echo_sys
l_00_echo_true
l_00_echo_warn
l_00_echo_yes
l_00_err_name2e
l_00_err_p_r0
l_00_err_struct2e
l_00_fail_p_r1
l_00_info_p_r0
l_00_warn_p_r0
l_01_abs_path
l_01_c_up
l_01_is_root
l_01_prs_f
l_01_source
l_01_stl_init
l_02_arb_tst
l_02_arb_up
l_02_edit
l_03_wrap_prc
l_04_arb_prc_up
l_99_tst_l

